<?xml version="1.0" encoding="UTF-8"?>
<testsuite xmlns:xsi="http://www.w3.org/2001/XMLSchema-instance" xsi:noNamespaceSchemaLocation="https://maven.apache.org/surefire/maven-surefire-plugin/xsd/surefire-test-report.xsd" name="com.imooc.girl.controller.GirlControllerTest" time="11.498" tests="1" errors="0" skipped="0" failures="1">
  <properties>
    <property name="sun.desktop" value="windows"/>
    <property name="awt.toolkit" value="sun.awt.windows.WToolkit"/>
    <property name="file.encoding.pkg" value="sun.io"/>
    <property name="java.specification.version" value="1.8"/>
    <property name="sun.cpu.isalist" value="amd64"/>
    <property name="sun.jnu.encoding" value="GBK"/>
    <property name="java.class.path" value="D:\MavenProject\girl\target\test-classes;D:\MavenProject\girl\target\classes;D:\MavenRepository\org\springframework\boot\spring-boot-starter-data-jpa\2.1.9.RELEASE\spring-boot-starter-data-jpa-2.1.9.RELEASE.jar;D:\MavenRepository\org\springframework\boot\spring-boot-starter-jdbc\2.1.9.RELEASE\spring-boot-starter-jdbc-2.1.9.RELEASE.jar;D:\MavenRepository\com\zaxxer\HikariCP\3.2.0\HikariCP-3.2.0.jar;D:\MavenRepository\org\springframework\spring-jdbc\5.1.10.RELEASE\spring-jdbc-5.1.10.RELEASE.jar;D:\MavenRepository\javax\transaction\javax.transaction-api\1.3\javax.transaction-api-1.3.jar;D:\MavenRepository\javax\xml\bind\jaxb-api\2.3.1\jaxb-api-2.3.1.jar;D:\MavenRepository\javax\activation\javax.activation-api\1.2.0\javax.activation-api-1.2.0.jar;D:\MavenRepository\org\hibernate\hibernate-core\5.3.12.Final\hibernate-core-5.3.12.Final.jar;D:\MavenRepository\org\jboss\logging\jboss-logging\3.3.3.Final\jboss-logging-3.3.3.Final.jar;D:\MavenRepository\javax\persistence\javax.persistence-api\2.2\javax.persistence-api-2.2.jar;D:\MavenRepository\org\javassist\javassist\3.23.2-GA\javassist-3.23.2-GA.jar;D:\MavenRepository\net\bytebuddy\byte-buddy\1.9.16\byte-buddy-1.9.16.jar;D:\MavenRepository\antlr\antlr\2.7.7\antlr-2.7.7.jar;D:\MavenRepository\org\jboss\jandex\2.0.5.Final\jandex-2.0.5.Final.jar;D:\MavenRepository\com\fasterxml\classmate\1.4.0\classmate-1.4.0.jar;D:\MavenRepository\org\dom4j\dom4j\2.1.1\dom4j-2.1.1.jar;D:\MavenRepository\org\hibernate\common\hibernate-commons-annotations\5.0.4.Final\hibernate-commons-annotations-5.0.4.Final.jar;D:\MavenRepository\org\glassfish\jaxb\jaxb-runtime\2.3.1\jaxb-runtime-2.3.1.jar;D:\MavenRepository\org\glassfish\jaxb\txw2\2.3.1\txw2-2.3.1.jar;D:\MavenRepository\com\sun\istack\istack-commons-runtime\3.0.7\istack-commons-runtime-3.0.7.jar;D:\MavenRepository\org\jvnet\staxex\stax-ex\1.8\stax-ex-1.8.jar;D:\MavenRepository\com\sun\xml\fastinfoset\FastInfoset\1.2.15\FastInfoset-1.2.15.jar;D:\MavenRepository\org\springframework\data\spring-data-jpa\2.1.11.RELEASE\spring-data-jpa-2.1.11.RELEASE.jar;D:\MavenRepository\org\springframework\data\spring-data-commons\2.1.11.RELEASE\spring-data-commons-2.1.11.RELEASE.jar;D:\MavenRepository\org\springframework\spring-orm\5.1.10.RELEASE\spring-orm-5.1.10.RELEASE.jar;D:\MavenRepository\org\springframework\spring-context\5.1.10.RELEASE\spring-context-5.1.10.RELEASE.jar;D:\MavenRepository\org\springframework\spring-tx\5.1.10.RELEASE\spring-tx-5.1.10.RELEASE.jar;D:\MavenRepository\org\springframework\spring-beans\5.1.10.RELEASE\spring-beans-5.1.10.RELEASE.jar;D:\MavenRepository\org\slf4j\slf4j-api\1.7.28\slf4j-api-1.7.28.jar;D:\MavenRepository\org\springframework\spring-aspects\5.1.10.RELEASE\spring-aspects-5.1.10.RELEASE.jar;D:\MavenRepository\org\springframework\boot\spring-boot-starter-web\2.1.9.RELEASE\spring-boot-starter-web-2.1.9.RELEASE.jar;D:\MavenRepository\org\springframework\boot\spring-boot-starter\2.1.9.RELEASE\spring-boot-starter-2.1.9.RELEASE.jar;D:\MavenRepository\org\springframework\boot\spring-boot\2.1.9.RELEASE\spring-boot-2.1.9.RELEASE.jar;D:\MavenRepository\org\springframework\boot\spring-boot-autoconfigure\2.1.9.RELEASE\spring-boot-autoconfigure-2.1.9.RELEASE.jar;D:\MavenRepository\org\springframework\boot\spring-boot-starter-logging\2.1.9.RELEASE\spring-boot-starter-logging-2.1.9.RELEASE.jar;D:\MavenRepository\ch\qos\logback\logback-classic\1.2.3\logback-classic-1.2.3.jar;D:\MavenRepository\ch\qos\logback\logback-core\1.2.3\logback-core-1.2.3.jar;D:\MavenRepository\org\apache\logging\log4j\log4j-to-slf4j\2.11.2\log4j-to-slf4j-2.11.2.jar;D:\MavenRepository\org\apache\logging\log4j\log4j-api\2.11.2\log4j-api-2.11.2.jar;D:\MavenRepository\org\slf4j\jul-to-slf4j\1.7.28\jul-to-slf4j-1.7.28.jar;D:\MavenRepository\javax\annotation\javax.annotation-api\1.3.2\javax.annotation-api-1.3.2.jar;D:\MavenRepository\org\yaml\snakeyaml\1.23\snakeyaml-1.23.jar;D:\MavenRepository\org\springframework\boot\spring-boot-starter-json\2.1.9.RELEASE\spring-boot-starter-json-2.1.9.RELEASE.jar;D:\MavenRepository\com\fasterxml\jackson\core\jackson-databind\2.9.9.3\jackson-databind-2.9.9.3.jar;D:\MavenRepository\com\fasterxml\jackson\core\jackson-annotations\2.9.0\jackson-annotations-2.9.0.jar;D:\MavenRepository\com\fasterxml\jackson\core\jackson-core\2.9.9\jackson-core-2.9.9.jar;D:\MavenRepository\com\fasterxml\jackson\datatype\jackson-datatype-jdk8\2.9.9\jackson-datatype-jdk8-2.9.9.jar;D:\MavenRepository\com\fasterxml\jackson\datatype\jackson-datatype-jsr310\2.9.9\jackson-datatype-jsr310-2.9.9.jar;D:\MavenRepository\com\fasterxml\jackson\module\jackson-module-parameter-names\2.9.9\jackson-module-parameter-names-2.9.9.jar;D:\MavenRepository\org\springframework\boot\spring-boot-starter-tomcat\2.1.9.RELEASE\spring-boot-starter-tomcat-2.1.9.RELEASE.jar;D:\MavenRepository\org\apache\tomcat\embed\tomcat-embed-core\9.0.26\tomcat-embed-core-9.0.26.jar;D:\MavenRepository\org\apache\tomcat\embed\tomcat-embed-el\9.0.26\tomcat-embed-el-9.0.26.jar;D:\MavenRepository\org\apache\tomcat\embed\tomcat-embed-websocket\9.0.26\tomcat-embed-websocket-9.0.26.jar;D:\MavenRepository\org\hibernate\validator\hibernate-validator\6.0.17.Final\hibernate-validator-6.0.17.Final.jar;D:\MavenRepository\javax\validation\validation-api\2.0.1.Final\validation-api-2.0.1.Final.jar;D:\MavenRepository\org\springframework\spring-web\5.1.10.RELEASE\spring-web-5.1.10.RELEASE.jar;D:\MavenRepository\org\springframework\spring-webmvc\5.1.10.RELEASE\spring-webmvc-5.1.10.RELEASE.jar;D:\MavenRepository\org\springframework\spring-expression\5.1.10.RELEASE\spring-expression-5.1.10.RELEASE.jar;D:\MavenRepository\org\springframework\boot\spring-boot-configuration-processor\2.1.9.RELEASE\spring-boot-configuration-processor-2.1.9.RELEASE.jar;D:\MavenRepository\mysql\mysql-connector-java\8.0.17\mysql-connector-java-8.0.17.jar;D:\MavenRepository\org\springframework\boot\spring-boot-starter-test\2.1.9.RELEASE\spring-boot-starter-test-2.1.9.RELEASE.jar;D:\MavenRepository\org\springframework\boot\spring-boot-test\2.1.9.RELEASE\spring-boot-test-2.1.9.RELEASE.jar;D:\MavenRepository\org\springframework\boot\spring-boot-test-autoconfigure\2.1.9.RELEASE\spring-boot-test-autoconfigure-2.1.9.RELEASE.jar;D:\MavenRepository\com\jayway\jsonpath\json-path\2.4.0\json-path-2.4.0.jar;D:\MavenRepository\net\minidev\json-smart\2.3\json-smart-2.3.jar;D:\MavenRepository\net\minidev\accessors-smart\1.2\accessors-smart-1.2.jar;D:\MavenRepository\org\ow2\asm\asm\5.0.4\asm-5.0.4.jar;D:\MavenRepository\junit\junit\4.12\junit-4.12.jar;D:\MavenRepository\org\assertj\assertj-core\3.11.1\assertj-core-3.11.1.jar;D:\MavenRepository\org\mockito\mockito-core\2.23.4\mockito-core-2.23.4.jar;D:\MavenRepository\net\bytebuddy\byte-buddy-agent\1.9.16\byte-buddy-agent-1.9.16.jar;D:\MavenRepository\org\objenesis\objenesis\2.6\objenesis-2.6.jar;D:\MavenRepository\org\hamcrest\hamcrest-core\1.3\hamcrest-core-1.3.jar;D:\MavenRepository\org\hamcrest\hamcrest-library\1.3\hamcrest-library-1.3.jar;D:\MavenRepository\org\skyscreamer\jsonassert\1.5.0\jsonassert-1.5.0.jar;D:\MavenRepository\com\vaadin\external\google\android-json\0.0.20131108.vaadin1\android-json-0.0.20131108.vaadin1.jar;D:\MavenRepository\org\springframework\spring-core\5.1.10.RELEASE\spring-core-5.1.10.RELEASE.jar;D:\MavenRepository\org\springframework\spring-jcl\5.1.10.RELEASE\spring-jcl-5.1.10.RELEASE.jar;D:\MavenRepository\org\springframework\spring-test\5.1.10.RELEASE\spring-test-5.1.10.RELEASE.jar;D:\MavenRepository\org\xmlunit\xmlunit-core\2.6.3\xmlunit-core-2.6.3.jar;D:\MavenRepository\org\springframework\boot\spring-boot-starter-aop\2.1.9.RELEASE\spring-boot-starter-aop-2.1.9.RELEASE.jar;D:\MavenRepository\org\springframework\spring-aop\5.1.10.RELEASE\spring-aop-5.1.10.RELEASE.jar;D:\MavenRepository\org\aspectj\aspectjweaver\1.9.4\aspectjweaver-1.9.4.jar;"/>
    <property name="java.vm.vendor" value="Oracle Corporation"/>
    <property name="sun.arch.data.model" value="64"/>
    <property name="user.variant" value=""/>
    <property name="java.vendor.url" value="http://java.oracle.com/"/>
    <property name="user.timezone" value="Asia/Shanghai"/>
    <property name="java.vm.specification.version" value="1.8"/>
    <property name="os.name" value="Windows 7"/>
    <property name="user.country" value="CN"/>
    <property name="sun.java.launcher" value="SUN_STANDARD"/>
    <property name="sun.boot.library.path" value="C:\Program Files\Java\jdk1.8.0_201\jre\bin"/>
    <property name="sun.java.command" value="C:\Users\ADMINI~1\AppData\Local\Temp\surefire5985483931450743239\surefirebooter4624069137036917245.jar C:\Users\Administrator\AppData\Local\Temp\surefire5985483931450743239 2019-10-07T18-08-29_316-jvmRun1 surefire5587769453128038282tmp surefire_04223799050157147099tmp"/>
    <property name="surefire.test.class.path" value="D:\MavenProject\girl\target\test-classes;D:\MavenProject\girl\target\classes;D:\MavenRepository\org\springframework\boot\spring-boot-starter-data-jpa\2.1.9.RELEASE\spring-boot-starter-data-jpa-2.1.9.RELEASE.jar;D:\MavenRepository\org\springframework\boot\spring-boot-starter-jdbc\2.1.9.RELEASE\spring-boot-starter-jdbc-2.1.9.RELEASE.jar;D:\MavenRepository\com\zaxxer\HikariCP\3.2.0\HikariCP-3.2.0.jar;D:\MavenRepository\org\springframework\spring-jdbc\5.1.10.RELEASE\spring-jdbc-5.1.10.RELEASE.jar;D:\MavenRepository\javax\transaction\javax.transaction-api\1.3\javax.transaction-api-1.3.jar;D:\MavenRepository\javax\xml\bind\jaxb-api\2.3.1\jaxb-api-2.3.1.jar;D:\MavenRepository\javax\activation\javax.activation-api\1.2.0\javax.activation-api-1.2.0.jar;D:\MavenRepository\org\hibernate\hibernate-core\5.3.12.Final\hibernate-core-5.3.12.Final.jar;D:\MavenRepository\org\jboss\logging\jboss-logging\3.3.3.Final\jboss-logging-3.3.3.Final.jar;D:\MavenRepository\javax\persistence\javax.persistence-api\2.2\javax.persistence-api-2.2.jar;D:\MavenRepository\org\javassist\javassist\3.23.2-GA\javassist-3.23.2-GA.jar;D:\MavenRepository\net\bytebuddy\byte-buddy\1.9.16\byte-buddy-1.9.16.jar;D:\MavenRepository\antlr\antlr\2.7.7\antlr-2.7.7.jar;D:\MavenRepository\org\jboss\jandex\2.0.5.Final\jandex-2.0.5.Final.jar;D:\MavenRepository\com\fasterxml\classmate\1.4.0\classmate-1.4.0.jar;D:\MavenRepository\org\dom4j\dom4j\2.1.1\dom4j-2.1.1.jar;D:\MavenRepository\org\hibernate\common\hibernate-commons-annotations\5.0.4.Final\hibernate-commons-annotations-5.0.4.Final.jar;D:\MavenRepository\org\glassfish\jaxb\jaxb-runtime\2.3.1\jaxb-runtime-2.3.1.jar;D:\MavenRepository\org\glassfish\jaxb\txw2\2.3.1\txw2-2.3.1.jar;D:\MavenRepository\com\sun\istack\istack-commons-runtime\3.0.7\istack-commons-runtime-3.0.7.jar;D:\MavenRepository\org\jvnet\staxex\stax-ex\1.8\stax-ex-1.8.jar;D:\MavenRepository\com\sun\xml\fastinfoset\FastInfoset\1.2.15\FastInfoset-1.2.15.jar;D:\MavenRepository\org\springframework\data\spring-data-jpa\2.1.11.RELEASE\spring-data-jpa-2.1.11.RELEASE.jar;D:\MavenRepository\org\springframework\data\spring-data-commons\2.1.11.RELEASE\spring-data-commons-2.1.11.RELEASE.jar;D:\MavenRepository\org\springframework\spring-orm\5.1.10.RELEASE\spring-orm-5.1.10.RELEASE.jar;D:\MavenRepository\org\springframework\spring-context\5.1.10.RELEASE\spring-context-5.1.10.RELEASE.jar;D:\MavenRepository\org\springframework\spring-tx\5.1.10.RELEASE\spring-tx-5.1.10.RELEASE.jar;D:\MavenRepository\org\springframework\spring-beans\5.1.10.RELEASE\spring-beans-5.1.10.RELEASE.jar;D:\MavenRepository\org\slf4j\slf4j-api\1.7.28\slf4j-api-1.7.28.jar;D:\MavenRepository\org\springframework\spring-aspects\5.1.10.RELEASE\spring-aspects-5.1.10.RELEASE.jar;D:\MavenRepository\org\springframework\boot\spring-boot-starter-web\2.1.9.RELEASE\spring-boot-starter-web-2.1.9.RELEASE.jar;D:\MavenRepository\org\springframework\boot\spring-boot-starter\2.1.9.RELEASE\spring-boot-starter-2.1.9.RELEASE.jar;D:\MavenRepository\org\springframework\boot\spring-boot\2.1.9.RELEASE\spring-boot-2.1.9.RELEASE.jar;D:\MavenRepository\org\springframework\boot\spring-boot-autoconfigure\2.1.9.RELEASE\spring-boot-autoconfigure-2.1.9.RELEASE.jar;D:\MavenRepository\org\springframework\boot\spring-boot-starter-logging\2.1.9.RELEASE\spring-boot-starter-logging-2.1.9.RELEASE.jar;D:\MavenRepository\ch\qos\logback\logback-classic\1.2.3\logback-classic-1.2.3.jar;D:\MavenRepository\ch\qos\logback\logback-core\1.2.3\logback-core-1.2.3.jar;D:\MavenRepository\org\apache\logging\log4j\log4j-to-slf4j\2.11.2\log4j-to-slf4j-2.11.2.jar;D:\MavenRepository\org\apache\logging\log4j\log4j-api\2.11.2\log4j-api-2.11.2.jar;D:\MavenRepository\org\slf4j\jul-to-slf4j\1.7.28\jul-to-slf4j-1.7.28.jar;D:\MavenRepository\javax\annotation\javax.annotation-api\1.3.2\javax.annotation-api-1.3.2.jar;D:\MavenRepository\org\yaml\snakeyaml\1.23\snakeyaml-1.23.jar;D:\MavenRepository\org\springframework\boot\spring-boot-starter-json\2.1.9.RELEASE\spring-boot-starter-json-2.1.9.RELEASE.jar;D:\MavenRepository\com\fasterxml\jackson\core\jackson-databind\2.9.9.3\jackson-databind-2.9.9.3.jar;D:\MavenRepository\com\fasterxml\jackson\core\jackson-annotations\2.9.0\jackson-annotations-2.9.0.jar;D:\MavenRepository\com\fasterxml\jackson\core\jackson-core\2.9.9\jackson-core-2.9.9.jar;D:\MavenRepository\com\fasterxml\jackson\datatype\jackson-datatype-jdk8\2.9.9\jackson-datatype-jdk8-2.9.9.jar;D:\MavenRepository\com\fasterxml\jackson\datatype\jackson-datatype-jsr310\2.9.9\jackson-datatype-jsr310-2.9.9.jar;D:\MavenRepository\com\fasterxml\jackson\module\jackson-module-parameter-names\2.9.9\jackson-module-parameter-names-2.9.9.jar;D:\MavenRepository\org\springframework\boot\spring-boot-starter-tomcat\2.1.9.RELEASE\spring-boot-starter-tomcat-2.1.9.RELEASE.jar;D:\MavenRepository\org\apache\tomcat\embed\tomcat-embed-core\9.0.26\tomcat-embed-core-9.0.26.jar;D:\MavenRepository\org\apache\tomcat\embed\tomcat-embed-el\9.0.26\tomcat-embed-el-9.0.26.jar;D:\MavenRepository\org\apache\tomcat\embed\tomcat-embed-websocket\9.0.26\tomcat-embed-websocket-9.0.26.jar;D:\MavenRepository\org\hibernate\validator\hibernate-validator\6.0.17.Final\hibernate-validator-6.0.17.Final.jar;D:\MavenRepository\javax\validation\validation-api\2.0.1.Final\validation-api-2.0.1.Final.jar;D:\MavenRepository\org\springframework\spring-web\5.1.10.RELEASE\spring-web-5.1.10.RELEASE.jar;D:\MavenRepository\org\springframework\spring-webmvc\5.1.10.RELEASE\spring-webmvc-5.1.10.RELEASE.jar;D:\MavenRepository\org\springframework\spring-expression\5.1.10.RELEASE\spring-expression-5.1.10.RELEASE.jar;D:\MavenRepository\org\springframework\boot\spring-boot-configuration-processor\2.1.9.RELEASE\spring-boot-configuration-processor-2.1.9.RELEASE.jar;D:\MavenRepository\mysql\mysql-connector-java\8.0.17\mysql-connector-java-8.0.17.jar;D:\MavenRepository\org\springframework\boot\spring-boot-starter-test\2.1.9.RELEASE\spring-boot-starter-test-2.1.9.RELEASE.jar;D:\MavenRepository\org\springframework\boot\spring-boot-test\2.1.9.RELEASE\spring-boot-test-2.1.9.RELEASE.jar;D:\MavenRepository\org\springframework\boot\spring-boot-test-autoconfigure\2.1.9.RELEASE\spring-boot-test-autoconfigure-2.1.9.RELEASE.jar;D:\MavenRepository\com\jayway\jsonpath\json-path\2.4.0\json-path-2.4.0.jar;D:\MavenRepository\net\minidev\json-smart\2.3\json-smart-2.3.jar;D:\MavenRepository\net\minidev\accessors-smart\1.2\accessors-smart-1.2.jar;D:\MavenRepository\org\ow2\asm\asm\5.0.4\asm-5.0.4.jar;D:\MavenRepository\junit\junit\4.12\junit-4.12.jar;D:\MavenRepository\org\assertj\assertj-core\3.11.1\assertj-core-3.11.1.jar;D:\MavenRepository\org\mockito\mockito-core\2.23.4\mockito-core-2.23.4.jar;D:\MavenRepository\net\bytebuddy\byte-buddy-agent\1.9.16\byte-buddy-agent-1.9.16.jar;D:\MavenRepository\org\objenesis\objenesis\2.6\objenesis-2.6.jar;D:\MavenRepository\org\hamcrest\hamcrest-core\1.3\hamcrest-core-1.3.jar;D:\MavenRepository\org\hamcrest\hamcrest-library\1.3\hamcrest-library-1.3.jar;D:\MavenRepository\org\skyscreamer\jsonassert\1.5.0\jsonassert-1.5.0.jar;D:\MavenRepository\com\vaadin\external\google\android-json\0.0.20131108.vaadin1\android-json-0.0.20131108.vaadin1.jar;D:\MavenRepository\org\springframework\spring-core\5.1.10.RELEASE\spring-core-5.1.10.RELEASE.jar;D:\MavenRepository\org\springframework\spring-jcl\5.1.10.RELEASE\spring-jcl-5.1.10.RELEASE.jar;D:\MavenRepository\org\springframework\spring-test\5.1.10.RELEASE\spring-test-5.1.10.RELEASE.jar;D:\MavenRepository\org\xmlunit\xmlunit-core\2.6.3\xmlunit-core-2.6.3.jar;D:\MavenRepository\org\springframework\boot\spring-boot-starter-aop\2.1.9.RELEASE\spring-boot-starter-aop-2.1.9.RELEASE.jar;D:\MavenRepository\org\springframework\spring-aop\5.1.10.RELEASE\spring-aop-5.1.10.RELEASE.jar;D:\MavenRepository\org\aspectj\aspectjweaver\1.9.4\aspectjweaver-1.9.4.jar;"/>
    <property name="sun.cpu.endian" value="little"/>
    <property name="user.home" value="C:\Users\Administrator"/>
    <property name="user.language" value="zh"/>
    <property name="java.specification.vendor" value="Oracle Corporation"/>
    <property name="java.home" value="C:\Program Files\Java\jdk1.8.0_201\jre"/>
    <property name="basedir" value="D:\MavenProject\girl"/>
    <property name="file.separator" value="\"/>
    <property name="line.separator" value="&#10;"/>
    <property name="java.vm.specification.vendor" value="Oracle Corporation"/>
    <property name="java.specification.name" value="Java Platform API Specification"/>
    <property name="java.awt.graphicsenv" value="sun.awt.Win32GraphicsEnvironment"/>
    <property name="surefire.real.class.path" value="C:\Users\ADMINI~1\AppData\Local\Temp\surefire5985483931450743239\surefirebooter4624069137036917245.jar"/>
    <property name="sun.boot.class.path" value="C:\Program Files\Java\jdk1.8.0_201\jre\lib\resources.jar;C:\Program Files\Java\jdk1.8.0_201\jre\lib\rt.jar;C:\Program Files\Java\jdk1.8.0_201\jre\lib\sunrsasign.jar;C:\Program Files\Java\jdk1.8.0_201\jre\lib\jsse.jar;C:\Program Files\Java\jdk1.8.0_201\jre\lib\jce.jar;C:\Program Files\Java\jdk1.8.0_201\jre\lib\charsets.jar;C:\Program Files\Java\jdk1.8.0_201\jre\lib\jfr.jar;C:\Program Files\Java\jdk1.8.0_201\jre\classes"/>
    <property name="user.script" value=""/>
    <property name="sun.management.compiler" value="HotSpot 64-Bit Tiered Compilers"/>
    <property name="java.runtime.version" value="1.8.0_201-b09"/>
    <property name="user.name" value="Administrator"/>
    <property name="path.separator" value=";"/>
    <property name="os.version" value="6.1"/>
    <property name="java.endorsed.dirs" value="C:\Program Files\Java\jdk1.8.0_201\jre\lib\endorsed"/>
    <property name="java.runtime.name" value="Java(TM) SE Runtime Environment"/>
    <property name="file.encoding" value="GBK"/>
    <property name="java.vm.name" value="Java HotSpot(TM) 64-Bit Server VM"/>
    <property name="localRepository" value="D:\MavenRepository"/>
    <property name="java.vendor.url.bug" value="http://bugreport.sun.com/bugreport/"/>
    <property name="java.io.tmpdir" value="C:\Users\ADMINI~1\AppData\Local\Temp\"/>
    <property name="java.version" value="1.8.0_201"/>
    <property name="user.dir" value="D:\MavenProject\girl"/>
    <property name="os.arch" value="amd64"/>
    <property name="java.vm.specification.name" value="Java Virtual Machine Specification"/>
    <property name="java.awt.printerjob" value="sun.awt.windows.WPrinterJob"/>
    <property name="sun.os.patch.level" value="Service Pack 1"/>
    <property name="java.library.path" value="C:\Program Files\Java\jdk1.8.0_201\jre\bin;C:\Windows\Sun\Java\bin;C:\Windows\system32;C:\Windows;D:\app\Administrator\product\11.2.0\dbhome_2\bin;C:\Program Files (x86)\AMD APP\bin\x86_64;C:\Program Files (x86)\AMD APP\bin\x86;C:\Windows\system32;C:\Windows;C:\Windows\System32\Wbem;C:\Windows\System32\WindowsPowerShell\v1.0\;C:\Program Files (x86)\ATI Technologies\ATI.ACE\Core-Static;C:\Program Files\Lenovo\Bluetooth Software\;C:\Program Files\Lenovo\Bluetooth Software\syswow64;C:\Program Files\Java\jdk1.8.0_201\bin;C:\Program Files\Java\jdk1.8.0_201\jre\bin;%SDK_HOME%\tools;%SDK_HOME%\platform-tools;c:\Program Files (x86)\Microsoft SQL Server\100\Tools\Binn\;c:\Program Files\Microsoft SQL Server\100\Tools\Binn\;c:\Program Files\Microsoft SQL Server\100\DTS\Binn\;D:\Maven3.3.9\bin;D:\Git-2.23.0\cmd;."/>
    <property name="java.vm.info" value="mixed mode"/>
    <property name="java.vendor" value="Oracle Corporation"/>
    <property name="java.vm.version" value="25.201-b09"/>
    <property name="java.ext.dirs" value="C:\Program Files\Java\jdk1.8.0_201\jre\lib\ext;C:\Windows\Sun\Java\lib\ext"/>
    <property name="sun.io.unicode.encoding" value="UnicodeLittle"/>
    <property name="java.class.version" value="52.0"/>
  </properties>
  <testcase name="girlList" classname="com.imooc.girl.controller.GirlControllerTest" time="0.392">
    <failure message="Response content expected:&lt;aaa&gt; but was:&lt;[{&quot;id&quot;:444,&quot;age&quot;:18,&quot;cupSize&quot;:&quot;A&quot;},{&quot;id&quot;:222,&quot;age&quot;:18,&quot;cupSize&quot;:&quot;C&quot;},{&quot;id&quot;:223,&quot;age&quot;:2,&quot;cupSize&quot;:&quot;D&quot;},{&quot;id&quot;:224,&quot;age&quot;:23,&quot;cupSize&quot;:&quot;D&quot;},{&quot;id&quot;:225,&quot;age&quot;:18,&quot;cupSize&quot;:&quot;H&quot;},{&quot;id&quot;:445,&quot;age&quot;:50,&quot;cupSize&quot;:&quot;I&quot;},{&quot;id&quot;:446,&quot;age&quot;:50,&quot;cupSize&quot;:&quot;I&quot;},{&quot;id&quot;:447,&quot;age&quot;:50,&quot;cupSize&quot;:&quot;I&quot;},{&quot;id&quot;:448,&quot;age&quot;:50,&quot;cupSize&quot;:&quot;I&quot;},{&quot;id&quot;:449,&quot;age&quot;:null,&quot;cupSize&quot;:null},{&quot;id&quot;:450,&quot;age&quot;:3,&quot;cupSize&quot;:&quot;B&quot;},{&quot;id&quot;:451,&quot;age&quot;:20,&quot;cupSize&quot;:&quot;A&quot;},{&quot;id&quot;:452,&quot;age&quot;:20,&quot;cupSize&quot;:&quot;B&quot;},{&quot;id&quot;:453,&quot;age&quot;:20,&quot;cupSize&quot;:&quot;B&quot;},{&quot;id&quot;:454,&quot;age&quot;:20,&quot;cupSize&quot;:&quot;B&quot;},{&quot;id&quot;:455,&quot;age&quot;:20,&quot;cupSize&quot;:&quot;B&quot;},{&quot;id&quot;:456,&quot;age&quot;:20,&quot;cupSize&quot;:&quot;B&quot;},{&quot;id&quot;:457,&quot;age&quot;:20,&quot;cupSize&quot;:&quot;H&quot;},{&quot;id&quot;:458,&quot;age&quot;:20,&quot;cupSize&quot;:&quot;H&quot;},{&quot;id&quot;:459,&quot;age&quot;:19,&quot;cupSize&quot;:&quot;H&quot;}]&gt;" type="java.lang.AssertionError"><![CDATA[java.lang.AssertionError: Response content expected:<aaa> but was:<[{"id":444,"age":18,"cupSize":"A"},{"id":222,"age":18,"cupSize":"C"},{"id":223,"age":2,"cupSize":"D"},{"id":224,"age":23,"cupSize":"D"},{"id":225,"age":18,"cupSize":"H"},{"id":445,"age":50,"cupSize":"I"},{"id":446,"age":50,"cupSize":"I"},{"id":447,"age":50,"cupSize":"I"},{"id":448,"age":50,"cupSize":"I"},{"id":449,"age":null,"cupSize":null},{"id":450,"age":3,"cupSize":"B"},{"id":451,"age":20,"cupSize":"A"},{"id":452,"age":20,"cupSize":"B"},{"id":453,"age":20,"cupSize":"B"},{"id":454,"age":20,"cupSize":"B"},{"id":455,"age":20,"cupSize":"B"},{"id":456,"age":20,"cupSize":"B"},{"id":457,"age":20,"cupSize":"H"},{"id":458,"age":20,"cupSize":"H"},{"id":459,"age":19,"cupSize":"H"}]>
	at com.imooc.girl.controller.GirlControllerTest.girlList(GirlControllerTest.java:23)
]]></failure>
    <system-out><![CDATA[18:08:31.311 [main] DEBUG org.springframework.test.context.junit4.SpringJUnit4ClassRunner - SpringJUnit4ClassRunner constructor called with [class com.imooc.girl.controller.GirlControllerTest]
18:08:31.322 [main] DEBUG org.springframework.test.context.BootstrapUtils - Instantiating CacheAwareContextLoaderDelegate from class [org.springframework.test.context.cache.DefaultCacheAwareContextLoaderDelegate]
18:08:31.335 [main] DEBUG org.springframework.test.context.BootstrapUtils - Instantiating BootstrapContext using constructor [public org.springframework.test.context.support.DefaultBootstrapContext(java.lang.Class,org.springframework.test.context.CacheAwareContextLoaderDelegate)]
18:08:31.380 [main] DEBUG org.springframework.test.context.BootstrapUtils - Instantiating TestContextBootstrapper for test class [com.imooc.girl.controller.GirlControllerTest] from class [org.springframework.boot.test.context.SpringBootTestContextBootstrapper]
18:08:31.397 [main] INFO org.springframework.boot.test.context.SpringBootTestContextBootstrapper - Neither @ContextConfiguration nor @ContextHierarchy found for test class [com.imooc.girl.controller.GirlControllerTest], using SpringBootContextLoader
18:08:31.404 [main] DEBUG org.springframework.test.context.support.AbstractContextLoader - Did not detect default resource location for test class [com.imooc.girl.controller.GirlControllerTest]: class path resource [com/imooc/girl/controller/GirlControllerTest-context.xml] does not exist
18:08:31.405 [main] DEBUG org.springframework.test.context.support.AbstractContextLoader - Did not detect default resource location for test class [com.imooc.girl.controller.GirlControllerTest]: class path resource [com/imooc/girl/controller/GirlControllerTestContext.groovy] does not exist
18:08:31.405 [main] INFO org.springframework.test.context.support.AbstractContextLoader - Could not detect default resource locations for test class [com.imooc.girl.controller.GirlControllerTest]: no resource found for suffixes {-context.xml, Context.groovy}.
18:08:31.406 [main] INFO org.springframework.test.context.support.AnnotationConfigContextLoaderUtils - Could not detect default configuration classes for test class [com.imooc.girl.controller.GirlControllerTest]: GirlControllerTest does not declare any static, non-private, non-final, nested classes annotated with @Configuration.
18:08:31.501 [main] DEBUG org.springframework.test.context.support.ActiveProfilesUtils - Could not find an 'annotation declaring class' for annotation type [org.springframework.test.context.ActiveProfiles] and class [com.imooc.girl.controller.GirlControllerTest]
18:08:31.643 [main] DEBUG org.springframework.context.annotation.ClassPathScanningCandidateComponentProvider - Identified candidate component class: file [D:\MavenProject\girl\target\classes\com\imooc\girl\GirlApplication.class]
18:08:31.648 [main] INFO org.springframework.boot.test.context.SpringBootTestContextBootstrapper - Found @SpringBootConfiguration com.imooc.girl.GirlApplication for test class com.imooc.girl.controller.GirlControllerTest
18:08:31.781 [main] DEBUG org.springframework.boot.test.context.SpringBootTestContextBootstrapper - @TestExecutionListeners is not present for class [com.imooc.girl.controller.GirlControllerTest]: using defaults.
18:08:31.782 [main] INFO org.springframework.boot.test.context.SpringBootTestContextBootstrapper - Loaded default TestExecutionListener class names from location [META-INF/spring.factories]: [org.springframework.boot.test.mock.mockito.MockitoTestExecutionListener, org.springframework.boot.test.mock.mockito.ResetMocksTestExecutionListener, org.springframework.boot.test.autoconfigure.restdocs.RestDocsTestExecutionListener, org.springframework.boot.test.autoconfigure.web.client.MockRestServiceServerResetTestExecutionListener, org.springframework.boot.test.autoconfigure.web.servlet.MockMvcPrintOnlyOnFailureTestExecutionListener, org.springframework.boot.test.autoconfigure.web.servlet.WebDriverTestExecutionListener, org.springframework.test.context.web.ServletTestExecutionListener, org.springframework.test.context.support.DirtiesContextBeforeModesTestExecutionListener, org.springframework.test.context.support.DependencyInjectionTestExecutionListener, org.springframework.test.context.support.DirtiesContextTestExecutionListener, org.springframework.test.context.transaction.TransactionalTestExecutionListener, org.springframework.test.context.jdbc.SqlScriptsTestExecutionListener]
18:08:31.812 [main] INFO org.springframework.boot.test.context.SpringBootTestContextBootstrapper - Using TestExecutionListeners: [org.springframework.test.context.web.ServletTestExecutionListener@40a4337a, org.springframework.test.context.support.DirtiesContextBeforeModesTestExecutionListener@6025e1b6, org.springframework.boot.test.mock.mockito.MockitoTestExecutionListener@22ff4249, org.springframework.boot.test.autoconfigure.SpringBootDependencyInjectionTestExecutionListener@2d1ef81a, org.springframework.test.context.support.DirtiesContextTestExecutionListener@4c402120, org.springframework.test.context.transaction.TransactionalTestExecutionListener@327514f, org.springframework.test.context.jdbc.SqlScriptsTestExecutionListener@5b12b668, org.springframework.boot.test.mock.mockito.ResetMocksTestExecutionListener@1165b38, org.springframework.boot.test.autoconfigure.restdocs.RestDocsTestExecutionListener@4c12331b, org.springframework.boot.test.autoconfigure.web.client.MockRestServiceServerResetTestExecutionListener@7586beff, org.springframework.boot.test.autoconfigure.web.servlet.MockMvcPrintOnlyOnFailureTestExecutionListener@3b69e7d1, org.springframework.boot.test.autoconfigure.web.servlet.WebDriverTestExecutionListener@815b41f]
18:08:31.815 [main] DEBUG org.springframework.test.annotation.ProfileValueUtils - Retrieved @ProfileValueSourceConfiguration [null] for test class [com.imooc.girl.controller.GirlControllerTest]
18:08:31.816 [main] DEBUG org.springframework.test.annotation.ProfileValueUtils - Retrieved ProfileValueSource type [class org.springframework.test.annotation.SystemProfileValueSource] for class [com.imooc.girl.controller.GirlControllerTest]
18:08:31.819 [main] DEBUG org.springframework.test.annotation.ProfileValueUtils - Retrieved @ProfileValueSourceConfiguration [null] for test class [com.imooc.girl.controller.GirlControllerTest]
18:08:31.819 [main] DEBUG org.springframework.test.annotation.ProfileValueUtils - Retrieved ProfileValueSource type [class org.springframework.test.annotation.SystemProfileValueSource] for class [com.imooc.girl.controller.GirlControllerTest]
18:08:31.821 [main] DEBUG org.springframework.test.annotation.ProfileValueUtils - Retrieved @ProfileValueSourceConfiguration [null] for test class [com.imooc.girl.controller.GirlControllerTest]
18:08:31.821 [main] DEBUG org.springframework.test.annotation.ProfileValueUtils - Retrieved ProfileValueSource type [class org.springframework.test.annotation.SystemProfileValueSource] for class [com.imooc.girl.controller.GirlControllerTest]
18:08:31.831 [main] DEBUG org.springframework.test.context.support.AbstractDirtiesContextTestExecutionListener - Before test class: context [DefaultTestContext@7eac9008 testClass = GirlControllerTest, testInstance = [null], testMethod = [null], testException = [null], mergedContextConfiguration = [WebMergedContextConfiguration@4116aac9 testClass = GirlControllerTest, locations = '{}', classes = '{class com.imooc.girl.GirlApplication}', contextInitializerClasses = '[]', activeProfiles = '{}', propertySourceLocations = '{}', propertySourceProperties = '{org.springframework.boot.test.context.SpringBootTestContextBootstrapper=true}', contextCustomizers = set[[ImportsContextCustomizer@62ddbd7e key = [org.springframework.boot.test.autoconfigure.web.servlet.MockMvcAutoConfiguration, org.springframework.boot.test.autoconfigure.web.servlet.MockMvcSecurityAutoConfiguration, org.springframework.boot.test.autoconfigure.web.servlet.MockMvcWebClientAutoConfiguration, org.springframework.boot.test.autoconfigure.web.servlet.MockMvcWebDriverAutoConfiguration]], org.springframework.boot.test.context.filter.ExcludeFilterContextCustomizer@fcd6521, org.springframework.boot.test.json.DuplicateJsonObjectContextCustomizerFactory$DuplicateJsonObjectContextCustomizer@31f924f5, org.springframework.boot.test.mock.mockito.MockitoContextCustomizer@0, org.springframework.boot.test.web.client.TestRestTemplateContextCustomizer@44a3ec6b, org.springframework.boot.test.autoconfigure.properties.PropertyMappingContextCustomizer@e7e8512, org.springframework.boot.test.autoconfigure.web.servlet.WebDriverContextCustomizerFactory$Customizer@57f23557], resourceBasePath = 'src/main/webapp', contextLoader = 'org.springframework.boot.test.context.SpringBootContextLoader', parent = [null]], attributes = map['org.springframework.test.context.web.ServletTestExecutionListener.activateListener' -> true]], class annotated with @DirtiesContext [false] with mode [null].
18:08:31.833 [main] DEBUG org.springframework.test.annotation.ProfileValueUtils - Retrieved @ProfileValueSourceConfiguration [null] for test class [com.imooc.girl.controller.GirlControllerTest]
18:08:31.833 [main] DEBUG org.springframework.test.annotation.ProfileValueUtils - Retrieved ProfileValueSource type [class org.springframework.test.annotation.SystemProfileValueSource] for class [com.imooc.girl.controller.GirlControllerTest]
18:08:31.874 [main] DEBUG org.springframework.test.context.support.TestPropertySourceUtils - Adding inlined properties to environment: {spring.jmx.enabled=false, org.springframework.boot.test.context.SpringBootTestContextBootstrapper=true, server.port=-1}

  .   ____          _            __ _ _
 /\\ / ___'_ __ _ _(_)_ __  __ _ \ \ \ \
( ( )\___ | '_ | '_| | '_ \/ _` | \ \ \ \
 \\/  ___)| |_)| | | | | || (_| |  ) ) ) )
  '  |____| .__|_| |_|_| |_\__, | / / / /
 =========|_|==============|___/=/_/_/_/
 :: Spring Boot ::        (v2.1.9.RELEASE)

2019-10-07 18:08:32.523  INFO 30968 --- [           main] c.i.girl.controller.GirlControllerTest   : Starting GirlControllerTest on joe with PID 30968 (started by Administrator in D:\MavenProject\girl)
2019-10-07 18:08:32.525  INFO 30968 --- [           main] c.i.girl.controller.GirlControllerTest   : The following profiles are active: dev
2019-10-07 18:08:33.911  INFO 30968 --- [           main] .s.d.r.c.RepositoryConfigurationDelegate : Bootstrapping Spring Data repositories in DEFAULT mode.
2019-10-07 18:08:34.034  INFO 30968 --- [           main] .s.d.r.c.RepositoryConfigurationDelegate : Finished Spring Data repository scanning in 108ms. Found 1 repository interfaces.
2019-10-07 18:08:34.807  INFO 30968 --- [           main] trationDelegate$BeanPostProcessorChecker : Bean 'org.springframework.transaction.annotation.ProxyTransactionManagementConfiguration' of type [org.springframework.transaction.annotation.ProxyTransactionManagementConfiguration$$EnhancerBySpringCGLIB$$ec396060] is not eligible for getting processed by all BeanPostProcessors (for example: not eligible for auto-proxying)
2019-10-07 18:08:35.515  INFO 30968 --- [           main] com.zaxxer.hikari.HikariDataSource       : HikariPool-1 - Starting...
2019-10-07 18:08:36.669  INFO 30968 --- [           main] com.zaxxer.hikari.HikariDataSource       : HikariPool-1 - Start completed.
2019-10-07 18:08:36.792  INFO 30968 --- [           main] o.hibernate.jpa.internal.util.LogHelper  : HHH000204: Processing PersistenceUnitInfo [
	name: default
	...]
2019-10-07 18:08:36.941  INFO 30968 --- [           main] org.hibernate.Version                    : HHH000412: Hibernate Core {5.3.12.Final}
2019-10-07 18:08:36.947  INFO 30968 --- [           main] org.hibernate.cfg.Environment            : HHH000206: hibernate.properties not found
2019-10-07 18:08:37.216  INFO 30968 --- [           main] o.hibernate.annotations.common.Version   : HCANN000001: Hibernate Commons Annotations {5.0.4.Final}
2019-10-07 18:08:37.469  INFO 30968 --- [           main] org.hibernate.dialect.Dialect            : HHH000400: Using dialect: org.hibernate.dialect.MySQL5Dialect
2019-10-07 18:08:38.668  INFO 30968 --- [           main] j.LocalContainerEntityManagerFactoryBean : Initialized JPA EntityManagerFactory for persistence unit 'default'
2019-10-07 18:08:40.742  INFO 30968 --- [           main] o.s.s.concurrent.ThreadPoolTaskExecutor  : Initializing ExecutorService 'applicationTaskExecutor'
2019-10-07 18:08:40.851  WARN 30968 --- [           main] aWebConfiguration$JpaWebMvcConfiguration : spring.jpa.open-in-view is enabled by default. Therefore, database queries may be performed during view rendering. Explicitly configure spring.jpa.open-in-view to disable this warning
2019-10-07 18:08:41.538  INFO 30968 --- [           main] o.s.b.t.m.w.SpringBootMockServletContext : Initializing Spring TestDispatcherServlet ''
2019-10-07 18:08:41.538  INFO 30968 --- [           main] o.s.t.web.servlet.TestDispatcherServlet  : Initializing Servlet ''
2019-10-07 18:08:41.566  INFO 30968 --- [           main] o.s.t.web.servlet.TestDispatcherServlet  : Completed initialization in 28 ms
2019-10-07 18:08:41.616  INFO 30968 --- [           main] c.i.girl.controller.GirlControllerTest   : Started GirlControllerTest in 9.726 seconds (JVM running for 11.194)
2019-10-07 18:08:41.825  INFO 30968 --- [           main] com.imooc.girl.aspect.HttpAspect         : url=http://localhost/girls
2019-10-07 18:08:41.825  INFO 30968 --- [           main] com.imooc.girl.aspect.HttpAspect         : method=GET
2019-10-07 18:08:41.825  INFO 30968 --- [           main] com.imooc.girl.aspect.HttpAspect         : ip=127.0.0.1
2019-10-07 18:08:41.827  INFO 30968 --- [           main] com.imooc.girl.aspect.HttpAspect         : class_method=com.imooc.girl.controller.GirlController.girlList
2019-10-07 18:08:41.828  INFO 30968 --- [           main] com.imooc.girl.aspect.HttpAspect         : args={}
2019-10-07 18:08:41.839  INFO 30968 --- [           main] c.imooc.girl.controller.GirlController   : girlList
2019-10-07 18:08:41.892  INFO 30968 --- [           main] o.h.h.i.QueryTranslatorFactoryInitiator  : HHH000397: Using ASTQueryTranslatorFactory
Hibernate: select girl0_.id as id1_0_, girl0_.age as age2_0_, girl0_.cup_size as cup_size3_0_ from girl girl0_
2019-10-07 18:08:42.102  INFO 30968 --- [           main] com.imooc.girl.aspect.HttpAspect         : 2222222222222
2019-10-07 18:08:42.102  INFO 30968 --- [           main] com.imooc.girl.aspect.HttpAspect         : response=[Girl{id=444, age=18, cupSize='A'}, Girl{id=222, age=18, cupSize='C'}, Girl{id=223, age=2, cupSize='D'}, Girl{id=224, age=23, cupSize='D'}, Girl{id=225, age=18, cupSize='H'}, Girl{id=445, age=50, cupSize='I'}, Girl{id=446, age=50, cupSize='I'}, Girl{id=447, age=50, cupSize='I'}, Girl{id=448, age=50, cupSize='I'}, Girl{id=449, age=null, cupSize='null'}, Girl{id=450, age=3, cupSize='B'}, Girl{id=451, age=20, cupSize='A'}, Girl{id=452, age=20, cupSize='B'}, Girl{id=453, age=20, cupSize='B'}, Girl{id=454, age=20, cupSize='B'}, Girl{id=455, age=20, cupSize='B'}, Girl{id=456, age=20, cupSize='B'}, Girl{id=457, age=20, cupSize='H'}, Girl{id=458, age=20, cupSize='H'}, Girl{id=459, age=19, cupSize='H'}]

MockHttpServletRequest:
      HTTP Method = GET
      Request URI = /girls
       Parameters = {}
          Headers = []
             Body = null
    Session Attrs = {}

Handler:
             Type = com.imooc.girl.controller.GirlController
           Method = public java.util.List<com.imooc.girl.domain.Girl> com.imooc.girl.controller.GirlController.girlList()

Async:
    Async started = false
     Async result = null

Resolved Exception:
             Type = null

ModelAndView:
        View name = null
             View = null
            Model = null

FlashMap:
       Attributes = null

MockHttpServletResponse:
           Status = 200
    Error message = null
          Headers = [Content-Type:"application/json;charset=UTF-8"]
     Content type = application/json;charset=UTF-8
             Body = [{"id":444,"age":18,"cupSize":"A"},{"id":222,"age":18,"cupSize":"C"},{"id":223,"age":2,"cupSize":"D"},{"id":224,"age":23,"cupSize":"D"},{"id":225,"age":18,"cupSize":"H"},{"id":445,"age":50,"cupSize":"I"},{"id":446,"age":50,"cupSize":"I"},{"id":447,"age":50,"cupSize":"I"},{"id":448,"age":50,"cupSize":"I"},{"id":449,"age":null,"cupSize":null},{"id":450,"age":3,"cupSize":"B"},{"id":451,"age":20,"cupSize":"A"},{"id":452,"age":20,"cupSize":"B"},{"id":453,"age":20,"cupSize":"B"},{"id":454,"age":20,"cupSize":"B"},{"id":455,"age":20,"cupSize":"B"},{"id":456,"age":20,"cupSize":"B"},{"id":457,"age":20,"cupSize":"H"},{"id":458,"age":20,"cupSize":"H"},{"id":459,"age":19,"cupSize":"H"}]
    Forwarded URL = null
   Redirected URL = null
          Cookies = []
]]></system-out>
  </testcase>
</testsuite>